#
# A fatal error has been detected by the Java Runtime Environment:
#
#  SIGBUS (0xa) at pc=0x000000010eb30b65, pid=14132, tid=0x0000000000000d03
#
# JRE version: Java(TM) SE Runtime Environment (8.0_411) (build 1.8.0_411-b09)
# Java VM: Java HotSpot(TM) 64-Bit Server VM (25.411-b09 mixed mode bsd-amd64 compressed oops)
# Problematic frame:
# C  [libzip.dylib+0x6b65]  newEntry+0x55
#
# Failed to write core dump. Core dumps have been disabled. To enable core dumping, try "ulimit -c unlimited" before starting Java again
#
# If you would like to submit a bug report, please visit:
#   http://bugreport.java.com/bugreport/crash.jsp
# The crash happened outside the Java Virtual Machine in native code.
# See problematic frame for where to report the bug.
#

---------------  T H R E A D  ---------------

Current thread (0x00007fd187009000):  JavaThread "main" [_thread_in_native, id=3331, stack(0x000070000a069000,0x000070000a169000)]

siginfo: si_signo: 10 (SIGBUS), si_code: 2 (BUS_ADRERR), si_addr: 0x000000010eb27ad2

Registers:
RAX=0x0000000000000000, RBX=0x0000000000000000, RCX=0x0000600000110460, RDX=0x000000009445d80e
RSP=0x000070000a166870, RBP=0x000070000a1668f0, RSI=0x000000000000000e, RDI=0x000000010ead8000
R8 =0x000011573dc20460, R9 =0x0000000000000055, R10=0x0000000000000000, R11=0x00007fd075a59a8d
R12=0x0000600000110460, R13=0x00006000017106c0, R14=0x00007fd186023b00, R15=0x000000010eb27ab6
RIP=0x000000010eb30b65, EFLAGS=0x0000000000010202, ERR=0x0000000000000004
  TRAPNO=0x000000000000000e

Top of Stack: (sp=0x000070000a166870)
0x000070000a166870:   0000000000000118 0000600001510000
0x000070000a166880:   000070000a1668c0 000000010fab9f83
0x000070000a166890:   3fd4caedac0cdb27 000070000a166ca8
0x000070000a1668a0:   000000000a1668d0 000000010fd49dca
0x000070000a1668b0:   00000001100240d8 0000600000c1ae80
0x000070000a1668c0:   00006000017106c0 000000000ced7ea7
0x000070000a1668d0:   00007fd186023200 0000600000110500
0x000070000a1668e0:   0000000000000900 00007fd185905260
0x000070000a1668f0:   000070000a166940 000000010eb30a00
0x000070000a166900:   0000000000000055 0000000000000000
0x000070000a166910:   00006000017106c0 00007fd185905260
0x000070000a166920:   00006000017106c0 0000000000000006
0x000070000a166930:   000070000a16698c 000070000a166a6c
0x000070000a166940:   000070000a166970 000000010eb3137c
0x000070000a166950:   00007fd185905260 0000600002203be0
0x000070000a166960:   0000600002203be0 000070000a166a6c
0x000070000a166970:   000070000a166a50 000000010fa4fb8b
0x000070000a166980:   00007fd187009000 000070000a1669b0
0x000070000a166990:   000070000a1668d0 00000000a658008d
0x000070000a1669a0:   000070000a166a90 000000010fb05543
0x000070000a1669b0:   00006000001145f0 00007fd187009000
0x000070000a1669c0:   00007fd1859050c0 000000000000004f
0x000070000a1669d0:   000000000000000b 0000000000000000
0x000070000a1669e0:   000070000a166a50 000000010fcacbae
0x000070000a1669f0:   0000600002c1c060 0000000087009000
0x000070000a166a00:   0000600002c1c060 0000000000000050
0x000070000a166a10:   000000010fe9e281 0000000000000060
0x000070000a166a20:   68d46b01a658008d 0000000000000000
0x000070000a166a30:   00007fd187009000 0000000000000006
0x000070000a166a40:   0000600002203be0 0000000000000000
0x000070000a166a50:   000070000a166a90 000000010fa4fd0c
0x000070000a166a60:   000070000a166a90 000000010fa504aa 

Instructions: (pc=0x000000010eb30b65)
0x000000010eb30b45:   28 49 89 44 24 30 41 80 7d 30 00 89 5d b4 74 5f
0x000000010eb30b55:   4d 8b 7d 18 4d 03 7e 08 4d 2b 7d 28 4c 89 6d d0
0x000000010eb30b65:   41 0f b7 5f 1c 41 0f b6 47 1e 48 89 45 c0 45 0f
0x000000010eb30b75:   b6 6f 1f 41 0f b7 4f 20 41 8b 47 0c 49 89 44 24 

Register to memory mapping:

RAX=0x0000000000000000 is an unknown value
RBX=0x0000000000000000 is an unknown value
RCX=0x0000600000110460 is an unknown value
RDX=0x000000009445d80e is an unknown value
RSP=0x000070000a166870 is pointing into the stack for thread: 0x00007fd187009000
RBP=0x000070000a1668f0 is pointing into the stack for thread: 0x00007fd187009000
RSI=0x000000000000000e is an unknown value
RDI=0x000000010ead8000 is an unknown value
R8 =0x000011573dc20460 is an unknown value
R9 =0x0000000000000055 is an unknown value
R10=0x0000000000000000 is an unknown value
R11=0x00007fd075a59a8d is an unknown value
R12=0x0000600000110460 is an unknown value
R13=0x00006000017106c0 is an unknown value
R14=0x00007fd186023b00 is an unknown value
R15=0x000000010eb27ab6 is an unknown value


Stack: [0x000070000a069000,0x000070000a169000],  sp=0x000070000a166870,  free space=1014k
Native frames: (J=compiled Java code, j=interpreted, Vv=VM code, C=native code)
C  [libzip.dylib+0x6b65]  newEntry+0x55
C  [libzip.dylib+0x6a00]  ZIP_GetEntry2+0xd9
C  [libzip.dylib+0x737c]  ZIP_FindEntry+0x2e
V  [libjvm.dylib+0x17ab8b]
V  [libjvm.dylib+0x17ad0c]
V  [libjvm.dylib+0x17cc51]
V  [libjvm.dylib+0x545ba1]
V  [libjvm.dylib+0x544ebe]
V  [libjvm.dylib+0x544593]
V  [libjvm.dylib+0x1d14db]
V  [libjvm.dylib+0x1d25ac]
V  [libjvm.dylib+0x2d72ab]
j  com.intellij.rt.debugger.agent.CollectionBreakpointInstrumentor.<clinit>()V+71
v  ~StubRoutines::call_stub
V  [libjvm.dylib+0x2dfbaf]
V  [libjvm.dylib+0x2a7b17]
V  [libjvm.dylib+0x2a6576]
V  [libjvm.dylib+0x2a60bc]
V  [libjvm.dylib+0x3da09d]
V  [libjvm.dylib+0x3dd4eb]
V  [libjvm.dylib+0x3dd20f]
V  [libjvm.dylib+0x2d8f00]
j  com.intellij.rt.debugger.agent.DebuggerAgent.premain(Ljava/lang/String;Ljava/lang/instrument/Instrumentation;)V+31
v  ~StubRoutines::call_stub
V  [libjvm.dylib+0x2dfbaf]
V  [libjvm.dylib+0x4e2d10]
V  [libjvm.dylib+0x4e38a8]
V  [libjvm.dylib+0x350b5d]
j  sun.reflect.NativeMethodAccessorImpl.invoke0(Ljava/lang/reflect/Method;Ljava/lang/Object;[Ljava/lang/Object;)Ljava/lang/Object;+0
j  sun.reflect.NativeMethodAccessorImpl.invoke(Ljava/lang/Object;[Ljava/lang/Object;)Ljava/lang/Object;+100
j  sun.reflect.DelegatingMethodAccessorImpl.invoke(Ljava/lang/Object;[Ljava/lang/Object;)Ljava/lang/Object;+6
j  java.lang.reflect.Method.invoke(Ljava/lang/Object;[Ljava/lang/Object;)Ljava/lang/Object;+56
j  sun.instrument.InstrumentationImpl.loadClassAndStartAgent(Ljava/lang/String;Ljava/lang/String;Ljava/lang/String;)V+174
j  sun.instrument.InstrumentationImpl.loadClassAndCallPremain(Ljava/lang/String;Ljava/lang/String;)V+5
v  ~StubRoutines::call_stub
V  [libjvm.dylib+0x2dfbaf]
V  [libjvm.dylib+0x307edf]
V  [libjvm.dylib+0x30c338]
C  [libinstrument.dylib+0xb150]  invokeJavaAgentMainMethod+0x5f
C  [libinstrument.dylib+0xafd4]  startJavaAgent+0x55
C  [libinstrument.dylib+0xab0c]  processJavaStart+0xa9
C  [libinstrument.dylib+0xa500]  eventHandlerVMInit+0x31
V  [libjvm.dylib+0x39afa2]
V  [libjvm.dylib+0x57002e]
V  [libjvm.dylib+0x31f70e]
C  [java+0x5f18]  JavaMain+0x10d
C  [libsystem_pthread.dylib+0x64e1]  _pthread_start+0x7d
C  [libsystem_pthread.dylib+0x1f6b]  thread_start+0xf
C  0x0000000000000000

Java frames: (J=compiled Java code, j=interpreted, Vv=VM code)
j  com.intellij.rt.debugger.agent.CollectionBreakpointInstrumentor.<clinit>()V+71
v  ~StubRoutines::call_stub
j  com.intellij.rt.debugger.agent.DebuggerAgent.premain(Ljava/lang/String;Ljava/lang/instrument/Instrumentation;)V+31
v  ~StubRoutines::call_stub
j  sun.reflect.NativeMethodAccessorImpl.invoke0(Ljava/lang/reflect/Method;Ljava/lang/Object;[Ljava/lang/Object;)Ljava/lang/Object;+0
j  sun.reflect.NativeMethodAccessorImpl.invoke(Ljava/lang/Object;[Ljava/lang/Object;)Ljava/lang/Object;+100
j  sun.reflect.DelegatingMethodAccessorImpl.invoke(Ljava/lang/Object;[Ljava/lang/Object;)Ljava/lang/Object;+6
j  java.lang.reflect.Method.invoke(Ljava/lang/Object;[Ljava/lang/Object;)Ljava/lang/Object;+56
j  sun.instrument.InstrumentationImpl.loadClassAndStartAgent(Ljava/lang/String;Ljava/lang/String;Ljava/lang/String;)V+174
j  sun.instrument.InstrumentationImpl.loadClassAndCallPremain(Ljava/lang/String;Ljava/lang/String;)V+5
v  ~StubRoutines::call_stub

---------------  P R O C E S S  ---------------

Java Threads: ( => current thread )
  0x00007fd185051000 JavaThread "JDWP Command Reader" daemon [_thread_in_native, id=17923, stack(0x000070000ad13000,0x000070000ae13000)]
  0x00007fd185050000 JavaThread "JDWP Event Helper Thread" daemon [_thread_blocked, id=13059, stack(0x000070000ac10000,0x000070000ad10000)]
  0x00007fd185036800 JavaThread "JDWP Transport Listener: dt_socket" daemon [_thread_blocked, id=12807, stack(0x000070000ab0d000,0x000070000ac0d000)]
  0x00007fd18504e800 JavaThread "Signal Dispatcher" daemon [_thread_blocked, id=12547, stack(0x000070000aa0a000,0x000070000ab0a000)]
  0x00007fd18681c800 JavaThread "Finalizer" daemon [_thread_blocked, id=11267, stack(0x000070000a77e000,0x000070000a87e000)]
  0x00007fd18700e800 JavaThread "Reference Handler" daemon [_thread_blocked, id=20483, stack(0x000070000a67b000,0x000070000a77b000)]
=>0x00007fd187009000 JavaThread "main" [_thread_in_native, id=3331, stack(0x000070000a069000,0x000070000a169000)]

Other Threads:
  0x00007fd185024800 VMThread [stack: 0x000070000a578000,0x000070000a678000] [id=20995]

VM state:not at safepoint (normal execution)

VM Mutex/Monitor currently owned by a thread: None

heap address: 0x00000006c0000000, size: 4096 MB, Compressed Oops mode: Zero based, Oop shift amount: 3
Narrow klass base: 0x0000000000000000, Narrow klass shift: 3
Compressed class space size: 1073741824 Address: 0x00000007c0000000

Heap:
 PSYoungGen      total 76288K, used 2621K [0x000000076ab00000, 0x0000000770000000, 0x00000007c0000000)
  eden space 65536K, 4% used [0x000000076ab00000,0x000000076ad8f5e8,0x000000076eb00000)
  from space 10752K, 0% used [0x000000076f580000,0x000000076f580000,0x0000000770000000)
  to   space 10752K, 0% used [0x000000076eb00000,0x000000076eb00000,0x000000076f580000)
 ParOldGen       total 175104K, used 0K [0x00000006c0000000, 0x00000006cab00000, 0x000000076ab00000)
  object space 175104K, 0% used [0x00000006c0000000,0x00000006c0000000,0x00000006cab00000)
 Metaspace       used 2325K, capacity 4480K, committed 4480K, reserved 1056768K
  class space    used 250K, capacity 384K, committed 384K, reserved 1048576K

Card table byte_map: [0x000000010f00e000,0x000000010f80f000] byte_map_base: 0x000000010ba0e000

Marking Bits: (ParMarkBitMap*) 0x000000011000af78
 Begin Bits: [0x0000000110c5f000, 0x0000000114c5f000)
 End Bits:   [0x0000000114c5f000, 0x0000000118c5f000)

Polling page: 0x000000010eae0000

CodeCache: size=245760Kb used=440Kb max_used=440Kb free=245319Kb
 bounds [0x000000011a264000, 0x000000011a4d4000, 0x0000000129264000]
 total_blobs=160 nmethods=0 adapters=135
 compilation: enabled

Compilation events (0 events):
No events

GC Heap History (0 events):
No events

Deoptimization events (0 events):
No events

Classes redefined (0 events):
No events

Internal exceptions (2 events):
Event: 0.125 Thread 0x00007fd187009000 Exception <a 'java/lang/NoSuchMethodError': Method sun.misc.Unsafe.defineClass(Ljava/lang/String;[BII)Ljava/lang/Class; name or signature does not match> (0x000000076ab07ce0) thrown at [/Users/java_re/jenkins/workspace/8-2-build-macosx-x64-Xcode12.4-sans-
Event: 0.125 Thread 0x00007fd187009000 Exception <a 'java/lang/NoSuchMethodError': Method sun.misc.Unsafe.prefetchRead(Ljava/lang/Object;J)V name or signature does not match> (0x000000076ab07fc8) thrown at [/Users/java_re/jenkins/workspace/8-2-build-macosx-x64-Xcode12.4-sans-NAS/jdk8u411/893/h

Events (10 events):
Event: 0.324 loading class java/util/concurrent/locks/ReentrantLock$Sync
Event: 0.324 loading class java/util/concurrent/locks/AbstractQueuedSynchronizer
Event: 0.324 loading class java/util/concurrent/locks/AbstractOwnableSynchronizer
Event: 0.324 loading class java/util/concurrent/locks/AbstractOwnableSynchronizer done
Event: 0.324 loading class java/util/concurrent/locks/AbstractQueuedSynchronizer done
Event: 0.324 loading class java/util/concurrent/locks/ReentrantLock$Sync done
Event: 0.324 loading class java/util/concurrent/locks/ReentrantLock$NonfairSync done
Event: 0.324 loading class java/util/concurrent/locks/AbstractQueuedSynchronizer$Node
Event: 0.325 loading class java/util/concurrent/locks/AbstractQueuedSynchronizer$Node done
Event: 0.325 loading class com/intellij/rt/debugger/agent/CollectionBreakpointInstrumentor$KnownMethodsSet


Dynamic libraries:
0x00007ff817f0e000 	/System/Library/Frameworks/Cocoa.framework/Versions/A/Cocoa
0x00007ff803b57000 	/System/Library/Frameworks/AppKit.framework/Versions/C/AppKit
0x00007ff80706c000 	/System/Library/Frameworks/CoreData.framework/Versions/A/CoreData
0x00007ff801f5a000 	/System/Library/Frameworks/Foundation.framework/Versions/C/Foundation
0x00007ff80be8e000 	/usr/lib/libSystem.B.dylib
0x00007ff8049e7000 	/System/Library/PrivateFrameworks/UIFoundation.framework/Versions/A/UIFoundation
0x00007ff811e04000 	/System/Library/PrivateFrameworks/RemoteViewServices.framework/Versions/A/RemoteViewServices
0x00007ff80a0e2000 	/System/Library/PrivateFrameworks/XCTTargetBootstrap.framework/Versions/A/XCTTargetBootstrap
0x00007ff80dc9a000 	/System/Library/PrivateFrameworks/InternationalSupport.framework/Versions/A/InternationalSupport
0x00007ff80dd24000 	/System/Library/PrivateFrameworks/UserActivity.framework/Versions/A/UserActivity
0x00007ff80d076000 	/usr/lib/libspindump.dylib
0x00007ff804c76000 	/System/Library/Frameworks/UniformTypeIdentifiers.framework/Versions/A/UniformTypeIdentifiers
0x00007ff808807000 	/usr/lib/libapp_launch_measurement.dylib
0x00007ff807a3e000 	/System/Library/PrivateFrameworks/CoreAnalytics.framework/Versions/A/CoreAnalytics
0x00007ff80880a000 	/System/Library/PrivateFrameworks/CoreAutoLayout.framework/Versions/A/CoreAutoLayout
0x00007ff809a3a000 	/System/Library/Frameworks/Metal.framework/Versions/A/Metal
0x00007ff80a768000 	/usr/lib/liblangid.dylib
0x00007ff80a0e7000 	/System/Library/PrivateFrameworks/CoreSVG.framework/Versions/A/CoreSVG
0x00007ff806060000 	/System/Library/PrivateFrameworks/SkyLight.framework/Versions/A/SkyLight
0x00007ff8063ff000 	/System/Library/Frameworks/CoreGraphics.framework/Versions/A/CoreGraphics
0x00007ff8124c4000 	/System/Library/Frameworks/Accelerate.framework/Versions/A/Accelerate
0x00007ff80caf5000 	/System/Library/PrivateFrameworks/IconServices.framework/Versions/A/IconServices
0x00007ff809a1f000 	/System/Library/Frameworks/IOSurface.framework/Versions/A/IOSurface
0x00007ff807a6c000 	/usr/lib/libDiagnosticMessagesClient.dylib
0x00007ff80bdae000 	/usr/lib/libz.1.dylib
0x00007ff815bb2000 	/System/Library/Frameworks/ApplicationServices.framework/Versions/A/ApplicationServices
0x00007ff80a0ce000 	/System/Library/PrivateFrameworks/DFRFoundation.framework/Versions/A/DFRFoundation
0x00007ff80343f000 	/usr/lib/libicucore.A.dylib
0x00007ff80ea90000 	/System/Library/Frameworks/AudioToolbox.framework/Versions/A/AudioToolbox
0x00007ff80dca6000 	/System/Library/PrivateFrameworks/DataDetectorsCore.framework/Versions/A/DataDetectorsCore
0x00007ff90a1ab000 	/System/Library/PrivateFrameworks/TextInput.framework/Versions/A/TextInput
0x00007ff805fe3000 	/usr/lib/libMobileGestalt.dylib
0x00007ff809dda000 	/System/Library/Frameworks/Carbon.framework/Versions/A/Frameworks/HIToolbox.framework/Versions/A/HIToolbox
0x00007ff808209000 	/System/Library/Frameworks/QuartzCore.framework/Versions/A/QuartzCore
0x00007ff8030e4000 	/System/Library/Frameworks/Security.framework/Versions/A/Security
0x00007ff811e3c000 	/System/Library/Frameworks/Carbon.framework/Versions/A/Frameworks/SpeechRecognition.framework/Versions/A/SpeechRecognition
0x00007ff808567000 	/System/Library/PrivateFrameworks/CoreUI.framework/Versions/A/CoreUI
0x00007ff8029ae000 	/System/Library/Frameworks/CoreAudio.framework/Versions/A/CoreAudio
0x00007ff807b5b000 	/System/Library/Frameworks/DiskArbitration.framework/Versions/A/DiskArbitration
0x00007ff80d466000 	/System/Library/PrivateFrameworks/MultitouchSupport.framework/Versions/A/MultitouchSupport
0x00007ff805fe2000 	/usr/lib/libenergytrace.dylib
0x00007ff803a43000 	/System/Library/Frameworks/IOKit.framework/Versions/A/IOKit
0x00007ff81222c000 	/System/Library/Frameworks/CoreServices.framework/Versions/A/CoreServices
0x00007ff8087a1000 	/System/Library/PrivateFrameworks/PerformanceAnalysis.framework/Versions/A/PerformanceAnalysis
0x00007ffa19e80000 	/System/Library/Frameworks/OpenGL.framework/Versions/A/OpenGL
0x00007ff80b3ca000 	/System/Library/PrivateFrameworks/MobileKeyBag.framework/Versions/A/MobileKeyBag
0x00007ff800f22000 	/usr/lib/libobjc.A.dylib
0x00007ff806acb000 	/System/Library/Frameworks/ColorSync.framework/Versions/A/ColorSync
0x00007ff8010dd000 	/System/Library/Frameworks/CoreFoundation.framework/Versions/A/CoreFoundation
0x00007ff80a35e000 	/System/Library/Frameworks/CoreImage.framework/Versions/A/CoreImage
0x00007ff8027c2000 	/System/Library/Frameworks/CoreText.framework/Versions/A/CoreText
0x00007ff80a117000 	/System/Library/Frameworks/ImageIO.framework/Versions/A/ImageIO
0x00007ff80be94000 	/System/Library/PrivateFrameworks/SoftLinking.framework/Versions/A/SoftLinking
0x00007ff808852000 	/usr/lib/libxml2.2.dylib
0x00007ff800fe9000 	/usr/lib/libc++.1.dylib
0x00007ff80c118000 	/usr/lib/libcompression.dylib
0x00007ff80dbcd000 	/System/Library/PrivateFrameworks/TextureIO.framework/Versions/A/TextureIO
0x00007ff80c806000 	/usr/lib/libate.dylib
0x00007ff80be89000 	/usr/lib/system/libcache.dylib
0x00007ff80be45000 	/usr/lib/system/libcommonCrypto.dylib
0x00007ff80be6e000 	/usr/lib/system/libcompiler_rt.dylib
0x00007ff80be64000 	/usr/lib/system/libcopyfile.dylib
0x00007ff800e1d000 	/usr/lib/system/libcorecrypto.dylib
0x00007ff800edb000 	/usr/lib/system/libdispatch.dylib
0x00007ff80109c000 	/usr/lib/system/libdyld.dylib
0x00007ff80be80000 	/usr/lib/system/libkeymgr.dylib
0x00007ff80be23000 	/usr/lib/system/libmacho.dylib
0x00007ff80b4a4000 	/usr/lib/system/libquarantine.dylib
0x00007ff80be7e000 	/usr/lib/system/libremovefile.dylib
0x00007ff806030000 	/usr/lib/system/libsystem_asl.dylib
0x00007ff800dc6000 	/usr/lib/system/libsystem_blocks.dylib
0x00007ff800f60000 	/usr/lib/system/libsystem_c.dylib
0x00007ff80be76000 	/usr/lib/system/libsystem_collections.dylib
0x00007ff80a758000 	/usr/lib/system/libsystem_configuration.dylib
0x00007ff809a02000 	/usr/lib/system/libsystem_containermanager.dylib
0x00007ff80bb5b000 	/usr/lib/system/libsystem_coreservices.dylib
0x00007ff8036d3000 	/usr/lib/system/libsystem_darwin.dylib
0x00007ff80be81000 	/usr/lib/system/libsystem_dnssd.dylib
0x00007ff800f5d000 	/usr/lib/system/libsystem_featureflags.dylib
0x00007ff8010b2000 	/usr/lib/system/libsystem_info.dylib
0x00007ff80bdc1000 	/usr/lib/system/libsystem_m.dylib
0x00007ff800eaf000 	/usr/lib/system/libsystem_malloc.dylib
0x00007ff805fcb000 	/usr/lib/system/libsystem_networkextension.dylib
0x00007ff803af9000 	/usr/lib/system/libsystem_notify.dylib
0x00007ff812101000 	/usr/lib/system/libsystem_product_info_filter.dylib
0x00007ff80a75c000 	/usr/lib/system/libsystem_sandbox.dylib
0x00007ff80be7b000 	/usr/lib/system/libsystem_secinit.dylib
0x00007ff801058000 	/usr/lib/system/libsystem_kernel.dylib
0x00007ff8010a8000 	/usr/lib/system/libsystem_platform.dylib
0x00007ff801090000 	/usr/lib/system/libsystem_pthread.dylib
0x00007ff80787e000 	/usr/lib/system/libsystem_symptoms.dylib
0x00007ff800e04000 	/usr/lib/system/libsystem_trace.dylib
0x00007ff80be51000 	/usr/lib/system/libunwind.dylib
0x00007ff800dc8000 	/usr/lib/system/libxpc.dylib
0x00007ff801042000 	/usr/lib/libc++abi.dylib
0x00007ff80be5c000 	/usr/lib/liboah.dylib
0x00007ff80c5e2000 	/usr/lib/liblzma.5.dylib
0x00007ff801c6c000 	/System/Library/Frameworks/SystemConfiguration.framework/Versions/A/SystemConfiguration
0x00007ff80be90000 	/usr/lib/libfakelink.dylib
0x00007ff805b3d000 	/System/Library/Frameworks/CFNetwork.framework/Versions/A/CFNetwork
0x00007ff80bfd1000 	/usr/lib/libarchive.2.dylib
0x00007ff80a764000 	/System/Library/PrivateFrameworks/AppleSystemInfo.framework/Versions/A/AppleSystemInfo
0x00007ff80b4cb000 	/usr/lib/libbsm.0.dylib
0x00007ff80514c000 	/usr/lib/libnetwork.dylib
0x00007ff80be29000 	/usr/lib/system/libkxld.dylib
0x00007ff80b0fe000 	/System/Library/PrivateFrameworks/IOMobileFramebuffer.framework/Versions/A/IOMobileFramebuffer
0x00007ffb19861000 	/usr/lib/libCoreEntitlements.dylib
0x00007ff80bb3d000 	/System/Library/PrivateFrameworks/AppleFSCompression.framework/Versions/A/AppleFSCompression
0x00007ff80b4b3000 	/usr/lib/libcoretls.dylib
0x00007ff80c5fc000 	/usr/lib/libcoretls_cfhelpers.dylib
0x00007ff80c112000 	/usr/lib/libpam.2.dylib
0x00007ff80749d000 	/usr/lib/libsqlite3.dylib
0x00007ff80c66b000 	/usr/lib/libxar.1.dylib
0x00007ff80bb4d000 	/usr/lib/libbz2.1.0.dylib
0x00007ff80be95000 	/usr/lib/libpcap.A.dylib
0x00007ff807876000 	/usr/lib/libdns_services.dylib
0x00007ff80c0e2000 	/usr/lib/libapple_nghttp2.dylib
0x00007ff80becf000 	/usr/lib/libiconv.2.dylib
0x00007ff80be22000 	/usr/lib/libcharset.1.dylib
0x00007ff8087d5000 	/System/Library/Frameworks/CoreServices.framework/Versions/A/Frameworks/FSEvents.framework/Versions/A/FSEvents
0x00007ff8036dd000 	/System/Library/Frameworks/CoreServices.framework/Versions/A/Frameworks/CarbonCore.framework/Versions/A/CarbonCore
0x00007ff807abf000 	/System/Library/Frameworks/CoreServices.framework/Versions/A/Frameworks/Metadata.framework/Versions/A/Metadata
0x00007ff80bb60000 	/System/Library/Frameworks/CoreServices.framework/Versions/A/Frameworks/OSServices.framework/Versions/A/OSServices
0x00007ff80c057000 	/System/Library/Frameworks/CoreServices.framework/Versions/A/Frameworks/SearchKit.framework/Versions/A/SearchKit
0x00007ff807808000 	/System/Library/Frameworks/CoreServices.framework/Versions/A/Frameworks/AE.framework/Versions/A/AE
0x00007ff8015e0000 	/System/Library/Frameworks/CoreServices.framework/Versions/A/Frameworks/LaunchServices.framework/Versions/A/LaunchServices
0x00007ff80c593000 	/System/Library/Frameworks/CoreServices.framework/Versions/A/Frameworks/DictionaryServices.framework/Versions/A/DictionaryServices
0x00007ff8087e2000 	/System/Library/Frameworks/CoreServices.framework/Versions/A/Frameworks/SharedFileList.framework/Versions/A/SharedFileList
0x00007ff80b4a7000 	/usr/lib/libCheckFix.dylib
0x00007ff806047000 	/System/Library/PrivateFrameworks/TCC.framework/Versions/A/TCC
0x00007ff80a76a000 	/System/Library/PrivateFrameworks/CoreNLP.framework/Versions/A/CoreNLP
0x00007ff807a6f000 	/System/Library/PrivateFrameworks/MetadataUtilities.framework/Versions/A/MetadataUtilities
0x00007ff801d1d000 	/usr/lib/libmecabra.dylib
0x00007ff80b4db000 	/usr/lib/libmecab.dylib
0x00007ff801ce8000 	/usr/lib/libCRFSuite.dylib
0x00007ff80b535000 	/usr/lib/libgermantok.dylib
0x00007ff80c0bd000 	/usr/lib/libThaiTokenizer.dylib
0x00007ff807b62000 	/System/Library/Frameworks/Accelerate.framework/Versions/A/Frameworks/vImage.framework/Versions/A/vImage
0x00007ff812203000 	/System/Library/Frameworks/Accelerate.framework/Versions/A/Frameworks/vecLib.framework/Versions/A/vecLib
0x00007ff80c6ac000 	/System/Library/Frameworks/Accelerate.framework/Versions/A/Frameworks/vecLib.framework/Versions/A/libvMisc.dylib
0x00007ff80af29000 	/System/Library/Frameworks/Accelerate.framework/Versions/A/Frameworks/vecLib.framework/Versions/A/libvDSP.dylib
0x00007ff80195c000 	/System/Library/Frameworks/Accelerate.framework/Versions/A/Frameworks/vecLib.framework/Versions/A/libBLAS.dylib
0x00007ff80c1f5000 	/System/Library/Frameworks/Accelerate.framework/Versions/A/Frameworks/vecLib.framework/Versions/A/libLAPACK.dylib
0x00007ff80b538000 	/System/Library/Frameworks/Accelerate.framework/Versions/A/Frameworks/vecLib.framework/Versions/A/libLinearAlgebra.dylib
0x00007ff80c0fa000 	/System/Library/Frameworks/Accelerate.framework/Versions/A/Frameworks/vecLib.framework/Versions/A/libSparseBLAS.dylib
0x00007ff80c1ef000 	/System/Library/Frameworks/Accelerate.framework/Versions/A/Frameworks/vecLib.framework/Versions/A/libQuadrature.dylib
0x00007ff80a855000 	/System/Library/Frameworks/Accelerate.framework/Versions/A/Frameworks/vecLib.framework/Versions/A/libBNNS.dylib
0x00007ff801bf6000 	/System/Library/Frameworks/Accelerate.framework/Versions/A/Frameworks/vecLib.framework/Versions/A/libSparse.dylib
0x00007ff80a84e000 	/System/Library/PrivateFrameworks/LinguisticData.framework/Versions/A/LinguisticData
0x00007ff801bac000 	/System/Library/PrivateFrameworks/Lexicon.framework/Versions/A/Lexicon
0x00007ff80c6a5000 	/usr/lib/libChineseTokenizer.dylib
0x00007ff802317000 	/System/Library/PrivateFrameworks/LanguageModeling.framework/Versions/A/LanguageModeling
0x00007ff80c0bf000 	/System/Library/PrivateFrameworks/AppleSauce.framework/Versions/A/AppleSauce
0x00007ff80b0ec000 	/System/Library/PrivateFrameworks/CoreEmoji.framework/Versions/A/CoreEmoji
0x00007ff80bfc0000 	/usr/lib/libcmph.dylib
0x00007ff8087b9000 	/System/Library/Frameworks/OpenDirectory.framework/Versions/A/Frameworks/CFOpenDirectory.framework/Versions/A/CFOpenDirectory
0x00007ff8087ad000 	/System/Library/Frameworks/OpenDirectory.framework/Versions/A/OpenDirectory
0x00007ff80c5fe000 	/System/Library/PrivateFrameworks/APFS.framework/Versions/A/APFS
0x00007ff80b402000 	/System/Library/Frameworks/SecurityFoundation.framework/Versions/A/SecurityFoundation
0x00007ff80c679000 	/usr/lib/libutil.dylib
0x00007ff803a07000 	/System/Library/PrivateFrameworks/CoreServicesStore.framework/Versions/A/CoreServicesStore
0x00007ff80c67d000 	/usr/lib/libxslt.1.dylib
0x00007ff80b48f000 	/System/Library/PrivateFrameworks/BackgroundTaskManagement.framework/Versions/A/BackgroundTaskManagement
0x00007ff80daed000 	/System/Library/Frameworks/ImageIO.framework/Versions/A/Resources/libRadiance.dylib
0x00007ff80daf6000 	/System/Library/Frameworks/ImageIO.framework/Versions/A/Resources/libJPEG.dylib
0x00007ff80da45000 	/System/Library/Frameworks/ImageIO.framework/Versions/A/Resources/libPng.dylib
0x00007ff80da66000 	/System/Library/Frameworks/ImageIO.framework/Versions/A/Resources/libTIFF.dylib
0x00007ff80db56000 	/System/Library/Frameworks/ImageIO.framework/Versions/A/Resources/libGIF.dylib
0x00007ff80d380000 	/System/Library/Frameworks/ImageIO.framework/Versions/A/Resources/libJP2.dylib
0x00007ff80cabb000 	/usr/lib/libexpat.1.dylib
0x00007ff80d335000 	/System/Library/PrivateFrameworks/AppleJPEG.framework/Versions/A/AppleJPEG
0x00007ff809c9f000 	/System/Library/PrivateFrameworks/FontServices.framework/libFontParser.dylib
0x00007ff8077b2000 	/System/Library/PrivateFrameworks/RunningBoardServices.framework/Versions/A/RunningBoardServices
0x00007ff8184c9000 	/System/Library/PrivateFrameworks/IOSurfaceAccelerator.framework/Versions/A/IOSurfaceAccelerator
0x00007ff80d462000 	/System/Library/PrivateFrameworks/WatchdogClient.framework/Versions/A/WatchdogClient
0x00007ff802405000 	/System/Library/Frameworks/CoreDisplay.framework/Versions/A/CoreDisplay
0x00007ff809b9d000 	/System/Library/Frameworks/CoreMedia.framework/Versions/A/CoreMedia
0x00007ff809a31000 	/System/Library/PrivateFrameworks/IOAccelerator.framework/Versions/A/IOAccelerator
0x00007ff808936000 	/System/Library/Frameworks/CoreVideo.framework/Versions/A/CoreVideo
0x00007ff80c110000 	/System/Library/Frameworks/MetalPerformanceShaders.framework/Versions/A/MetalPerformanceShaders
0x00007ff80d49f000 	/System/Library/Frameworks/VideoToolbox.framework/Versions/A/VideoToolbox
0x00007ff8076fc000 	/System/Library/PrivateFrameworks/BaseBoard.framework/Versions/A/BaseBoard
0x00007ff807483000 	/System/Library/PrivateFrameworks/ProtocolBuffer.framework/Versions/A/ProtocolBuffer
0x00007ff80dae6000 	/System/Library/PrivateFrameworks/GPUWrangler.framework/Versions/A/GPUWrangler
0x00007ff80daca000 	/System/Library/PrivateFrameworks/IOPresentment.framework/Versions/A/IOPresentment
0x00007ff80daf0000 	/System/Library/PrivateFrameworks/DSExternalDisplay.framework/Versions/A/DSExternalDisplay
0x00007ffa19e74000 	/System/Library/Frameworks/OpenGL.framework/Versions/A/Libraries/libCoreFSCache.dylib
0x00007ffb06f4c000 	/System/Library/PrivateFrameworks/GPUCompiler.framework/Versions/31001/Libraries/libGPUCompilerUtils.dylib
0x00007ff80db5b000 	/System/Library/PrivateFrameworks/CMCaptureCore.framework/Versions/A/CMCaptureCore
0x00007ff80d064000 	/System/Library/PrivateFrameworks/AppServerSupport.framework/Versions/A/AppServerSupport
0x00007ff80f329000 	/System/Library/PrivateFrameworks/perfdata.framework/Versions/A/perfdata
0x00007ff802531000 	/System/Library/PrivateFrameworks/AudioToolboxCore.framework/Versions/A/AudioToolboxCore
0x00007ff809b7b000 	/System/Library/PrivateFrameworks/caulk.framework/Versions/A/caulk
0x00007ff80ec3b000 	/usr/lib/libAudioStatistics.dylib
0x00007ff906935000 	/System/Library/PrivateFrameworks/SystemPolicy.framework/Versions/A/SystemPolicy
0x00007ff80ee96000 	/usr/lib/libSMC.dylib
0x00007ff817dc1000 	/System/Library/Frameworks/CoreMIDI.framework/Versions/A/CoreMIDI
0x00007ff80da14000 	/usr/lib/libAudioToolboxUtility.dylib
0x00007ff902b59000 	/System/Library/PrivateFrameworks/OSAServicesClient.framework/Versions/A/OSAServicesClient
0x00007ff80f336000 	/usr/lib/libperfcheck.dylib
0x00007ff9073e6000 	/usr/lib/libmis.dylib
0x00007ffa19ecf000 	/System/Library/Frameworks/OpenGL.framework/Versions/A/Libraries/libGLU.dylib
0x00007ffa19e93000 	/System/Library/Frameworks/OpenGL.framework/Versions/A/Libraries/libGFXShared.dylib
0x00007ffa1a09c000 	/System/Library/Frameworks/OpenGL.framework/Versions/A/Libraries/libGL.dylib
0x00007ffa19e9c000 	/System/Library/Frameworks/OpenGL.framework/Versions/A/Libraries/libGLImage.dylib
0x00007ffa19e90000 	/System/Library/Frameworks/OpenGL.framework/Versions/A/Libraries/libCVMSPluginSupport.dylib
0x00007ffa19e7b000 	/System/Library/Frameworks/OpenGL.framework/Versions/A/Libraries/libCoreVMClient.dylib
0x00007ff80a6e6000 	/System/Library/Frameworks/MetalPerformanceShaders.framework/Versions/A/Frameworks/MPSCore.framework/Versions/A/MPSCore
0x00007ff80baa8000 	/System/Library/Frameworks/MetalPerformanceShaders.framework/Versions/A/Frameworks/MPSImage.framework/Versions/A/MPSImage
0x00007ff80b54e000 	/System/Library/Frameworks/MetalPerformanceShaders.framework/Versions/A/Frameworks/MPSNeuralNetwork.framework/Versions/A/MPSNeuralNetwork
0x00007ff80b9c2000 	/System/Library/Frameworks/MetalPerformanceShaders.framework/Versions/A/Frameworks/MPSMatrix.framework/Versions/A/MPSMatrix
0x00007ff80b77d000 	/System/Library/Frameworks/MetalPerformanceShaders.framework/Versions/A/Frameworks/MPSRayIntersector.framework/Versions/A/MPSRayIntersector
0x00007ff80b9fa000 	/System/Library/Frameworks/MetalPerformanceShaders.framework/Versions/A/Frameworks/MPSNDArray.framework/Versions/A/MPSNDArray
0x00007ffa1f954000 	/System/Library/Frameworks/MetalPerformanceShaders.framework/Versions/A/Frameworks/MPSFunctions.framework/Versions/A/MPSFunctions
0x00007ff801838000 	/System/Library/PrivateFrameworks/MetalTools.framework/Versions/A/MetalTools
0x00007ff80a762000 	/System/Library/PrivateFrameworks/AggregateDictionary.framework/Versions/A/AggregateDictionary
0x00007ff80c89d000 	/usr/lib/libIOReport.dylib
0x00007ffa1b4ab000 	/System/Library/Frameworks/OpenCL.framework/Versions/A/OpenCL
0x00007ff80cc02000 	/System/Library/PrivateFrameworks/FaceCore.framework/Versions/A/FaceCore
0x00007ff80cbf3000 	/System/Library/PrivateFrameworks/GraphVisualizer.framework/Versions/A/GraphVisualizer
0x00007ffb06e57000 	/System/Library/PrivateFrameworks/FontServices.framework/Versions/A/FontServices
0x00007ff80d01c000 	/System/Library/PrivateFrameworks/OTSVG.framework/Versions/A/OTSVG
0x00007ff80851c000 	/System/Library/Frameworks/ApplicationServices.framework/Versions/A/Frameworks/ATS.framework/Versions/A/Resources/libFontRegistry.dylib
0x00007ff80d06c000 	/System/Library/PrivateFrameworks/FontServices.framework/libhvf.dylib
0x00007ffb06e58000 	/System/Library/PrivateFrameworks/FontServices.framework/libXTFontStaticRegistryData.dylib
0x00007ff80ca6b000 	/System/Library/PrivateFrameworks/AppleVA.framework/Versions/A/AppleVA
0x00007ff80ec5b000 	/System/Library/Frameworks/ApplicationServices.framework/Versions/A/Frameworks/ATS.framework/Versions/A/ATS
0x00007ff806bc9000 	/System/Library/Frameworks/ApplicationServices.framework/Versions/A/Frameworks/HIServices.framework/Versions/A/HIServices
0x00007ff80db65000 	/System/Library/Frameworks/ApplicationServices.framework/Versions/A/Frameworks/PrintCore.framework/Versions/A/PrintCore
0x00007ff80efe9000 	/System/Library/Frameworks/ApplicationServices.framework/Versions/A/Frameworks/QD.framework/Versions/A/QD
0x00007ff80efe1000 	/System/Library/Frameworks/ApplicationServices.framework/Versions/A/Frameworks/ColorSyncLegacy.framework/Versions/A/ColorSyncLegacy
0x00007ff80ec4b000 	/System/Library/Frameworks/ApplicationServices.framework/Versions/A/Frameworks/SpeechSynthesis.framework/Versions/A/SpeechSynthesis
0x00007ff80db26000 	/System/Library/Frameworks/ApplicationServices.framework/Versions/A/Frameworks/ATSUI.framework/Versions/A/ATSUI
0x00007ff80ef76000 	/usr/lib/libcups.2.dylib
0x00007ff80f345000 	/System/Library/Frameworks/Kerberos.framework/Versions/A/Kerberos
0x00007ff80f354000 	/System/Library/Frameworks/GSS.framework/Versions/A/GSS
0x00007ff80ecc7000 	/usr/lib/libresolv.9.dylib
0x00007ff80d07b000 	/System/Library/PrivateFrameworks/Heimdal.framework/Versions/A/Heimdal
0x00007ff815f44000 	/System/Library/Frameworks/Kerberos.framework/Versions/A/Libraries/libHeimdalProxy.dylib
0x00007ff807886000 	/System/Library/Frameworks/Network.framework/Versions/A/Network
0x00007ff80cad6000 	/usr/lib/libheimdal-asn1.dylib
0x00007ff80f39f000 	/System/Library/PrivateFrameworks/CommonAuth.framework/Versions/A/CommonAuth
0x00007ff80ebcd000 	/System/Library/PrivateFrameworks/AudioSession.framework/Versions/A/AudioSession
0x00007ff80cb66000 	/System/Library/PrivateFrameworks/MediaExperience.framework/Versions/A/MediaExperience
0x00007ff80ea5f000 	/System/Library/PrivateFrameworks/AudioSession.framework/libSessionUtility.dylib
0x00007ff80eff5000 	/System/Library/PrivateFrameworks/AudioResourceArbitration.framework/Versions/A/AudioResourceArbitration
0x00007ff813076000 	/System/Library/PrivateFrameworks/PowerLog.framework/Versions/A/PowerLog
0x00007ff80cadf000 	/System/Library/PrivateFrameworks/IconFoundation.framework/Versions/A/IconFoundation
0x00007ff811e2c000 	/System/Library/PrivateFrameworks/SpeechRecognitionCore.framework/Versions/A/SpeechRecognitionCore
0x00007ffa0c11a000 	/System/Library/CoreServices/Encodings/libSimplifiedChineseConverter.dylib
0x000000010f8d5000 	/Library/Java/JavaVirtualMachines/jdk-1.8.jdk/Contents/Home/jre/lib/server/libjvm.dylib
0x000000010eaf3000 	/Library/Java/JavaVirtualMachines/jdk-1.8.jdk/Contents/Home/jre/lib/libverify.dylib
0x000000010eb3e000 	/Library/Java/JavaVirtualMachines/jdk-1.8.jdk/Contents/Home/jre/lib/libjava.dylib
0x000000010ebc2000 	/Library/Java/JavaVirtualMachines/jdk-1.8.jdk/Contents/Home/jre/lib/libjdwp.dylib
0x000000010eb07000 	/Library/Java/JavaVirtualMachines/jdk-1.8.jdk/Contents/Home/jre/lib/libnpt.dylib
0x000000010eb76000 	/Library/Java/JavaVirtualMachines/jdk-1.8.jdk/Contents/Home/jre/lib/libinstrument.dylib
0x000000010eb2a000 	/Library/Java/JavaVirtualMachines/jdk-1.8.jdk/Contents/Home/jre/lib/libzip.dylib
0x000000010ebad000 	/Library/Java/JavaVirtualMachines/jdk-1.8.jdk/Contents/Home/jre/lib/libdt_socket.dylib

VM Arguments:
jvm_args: -agentlib:jdwp=transport=dt_socket,address=127.0.0.1:54473,suspend=y,server=n -Dmaven.multiModuleProjectDirectory=/Volumes/fix/ZD/wz_growth/web -Djansi.passthrough=true -Dmaven.home=/Applications/IntelliJ IDEA.app/Contents/plugins/maven/lib/maven3 -Dclassworlds.conf=/Applications/IntelliJ IDEA.app/Contents/plugins/maven/lib/maven3/bin/m2.conf -Dmaven.ext.class.path=/Applications/IntelliJ IDEA.app/Contents/plugins/maven/lib/maven-event-listener.jar -javaagent:/Users/xxm/Library/Caches/JetBrains/IntelliJIdea2023.3/captureAgent/debugger-agent.jar -Dfile.encoding=UTF-8 
java_command: org.codehaus.classworlds.Launcher -Didea.version=2023.3.6 tomcat7:run
java_class_path (initial): /Applications/IntelliJ IDEA.app/Contents/plugins/maven/lib/maven3/boot/plexus-classworlds.license:/Applications/IntelliJ IDEA.app/Contents/plugins/maven/lib/maven3/boot/plexus-classworlds-2.7.0.jar:/Applications/IntelliJ IDEA.app/Contents/lib/idea_rt.jar:/Users/xxm/Library/Caches/JetBrains/IntelliJIdea2023.3/captureAgent/debugger-agent.jar
Launcher Type: SUN_STANDARD

Environment Variables:
PATH=/usr/local/bin:/usr/local/sbin:/usr/local/bin:/usr/bin:/bin:/usr/sbin:/sbin
SHELL=/bin/zsh

Signal Handlers:
SIGSEGV: [libjvm.dylib+0x5a862b], sa_mask[0]=11111111011111110111111111111111, sa_flags=SA_ONSTACK|SA_RESTART|SA_SIGINFO
SIGBUS: [libjvm.dylib+0x5a862b], sa_mask[0]=11111111011111110111111111111111, sa_flags=SA_RESTART|SA_SIGINFO
SIGFPE: [libjvm.dylib+0x5a862b], sa_mask[0]=11111111011111110111111111111111, sa_flags=SA_RESTART|SA_SIGINFO
SIGPIPE: [libjvm.dylib+0x49aafa], sa_mask[0]=11111111011111110111111111111111, sa_flags=SA_RESTART|SA_SIGINFO
SIGXFSZ: [libjvm.dylib+0x49aafa], sa_mask[0]=11111111011111110111111111111111, sa_flags=SA_RESTART|SA_SIGINFO
SIGILL: [libjvm.dylib+0x5a862b], sa_mask[0]=11111111011111110111111111111111, sa_flags=SA_RESTART|SA_SIGINFO
SIGUSR1: SIG_DFL, sa_mask[0]=00000000000000000000000000000000, sa_flags=none
SIGUSR2: [libjvm.dylib+0x49b11b], sa_mask[0]=00100000000000000000000000000000, sa_flags=SA_RESTART|SA_SIGINFO
SIGHUP: [libjvm.dylib+0x4992a1], sa_mask[0]=11111111011111110111111111111111, sa_flags=SA_RESTART|SA_SIGINFO
SIGINT: [libjvm.dylib+0x4992a1], sa_mask[0]=11111111011111110111111111111111, sa_flags=SA_RESTART|SA_SIGINFO
SIGTERM: [libjvm.dylib+0x4992a1], sa_mask[0]=11111111011111110111111111111111, sa_flags=SA_RESTART|SA_SIGINFO
SIGQUIT: [libjvm.dylib+0x4992a1], sa_mask[0]=11111111011111110111111111111111, sa_flags=SA_RESTART|SA_SIGINFO


---------------  S Y S T E M  ---------------

OS:Bsduname:Darwin 21.6.0 Darwin Kernel Version 21.6.0: Wed Oct  4 23:55:28 PDT 2023; root:xnu-8020.240.18.704.15~1/RELEASE_X86_64 x86_64
rlimit: STACK 8192k, CORE 0k, NPROC 2784, NOFILE 10240, AS infinity
load average:4.03 6.42 9.08

CPU:total 4 (initial active 4) (2 cores per cpu, 2 threads per core) family 6 model 61 stepping 4, cmov, cx8, fxsr, mmx, sse, sse2, sse3, ssse3, sse4.1, sse4.2, popcnt, avx, avx2, aes, clmul, erms, 3dnowpref, lzcnt, ht, tsc, tscinvbit, bmi1, bmi2, adx

Memory: 4k page, physical 16777216k(815424k free)

/proc/meminfo:


vm_info: Java HotSpot(TM) 64-Bit Server VM (25.411-b09) for bsd-amd64 JRE (1.8.0_411-b09), built on Mar 13 2024 07:24:30 by "java_re" with gcc Apple LLVM 12.0.0 (clang-1200.0.32.29)

time: Sun Mar 16 11:58:24 2025
timezone: CST
elapsed time: 0.423112 seconds (0d 0h 0m 0s)

